<?xml version="1.0" encoding="UTF-8"?>
<!-- Generated by org.testng.reporters.JUnitReportReporter -->
<testsuite hostname="NEWNODE46" name="Test_Cases.Login_2" tests="2" failures="0" timestamp="1 Jun 2018 10:14:00 GMT" time="9.962" errors="0">
  <testcase name="logout" time="6.342" classname="Test_Cases.Login_2"/>
  <testcase name="login" time="3.620" classname="Test_Cases.Login_2"/>
</testsuite> <!-- Test_Cases.Login_2 -->
