<?xml version="1.0" encoding="UTF-8"?>
<!-- Generated by org.testng.reporters.JUnitReportReporter -->
<testsuite hostname="NEWNODE46" name="Test_Cases.Login" tests="1" failures="1" timestamp="24 May 2018 09:04:48 GMT" time="0.453" errors="0">
  <testcase name="login" time="0.453" classname="Test_Cases.Login">
    <failure type="java.lang.StackOverflowError">
      <![CDATA[java.lang.StackOverflowError
	at java.lang.NoSuchMethodException.<init>(Unknown Source)
	at java.lang.Class.getConstructor0(Unknown Source)
	at java.lang.Class.getConstructor(Unknown Source)
	at org.openqa.selenium.support.PageFactory.instantiatePage(PageFactory.java:128)
	at org.openqa.selenium.support.PageFactory.initElements(PageFactory.java:64)
	at Test_Cases.Login.login(Login.java:32)
	at Test_Cases.Login.login(Login.java:33)
	at Test_Cases.Login.login(Login.java:33)
	at Test_Cases.Login.login(Login.java:33)
	at Test_Cases.Login.login(Login.java:33)
	at Test_Cases.Login.login(Login.java:33)
	at Test_Cases.Login.login(Login.java:33)
	at Test_Cases.Login.login(Login.java:33)
	at Test_Cases.Login.login(Login.java:33)
	at Test_Cases.Login.login(Login.java:33)
	at Test_Cases.Login.login(Login.java:33)
	at Test_Cases.Login.login(Login.java:33)
	at Test_Cases.Login.login(Login.java:33)
	at Test_Cases.Login.login(Login.java:33)
	at Test_Cases.Login.login(Login.java:33)
	at Test_Cases.Login.login(Login.java:33)
	at Test_Cases.Login.login(Login.java:33)
	at Test_Cases.Login.login(Login.java:33)
	at Test_Cases.Login.login(Login.java:33)
	at Test_Cases.Login.login(Login.java:33)
	at Test_Cases.Login.login(Login.java:33)
	at Test_Cases.Login.login(Login.java:33)
	at Test_Cases.Login.login(Login.java:33)
	at Test_Cases.Login.login(Login.java:33)
	at Test_Cases.Login.login(Login.java:33)
	at Test_Cases.Login.login(Login.java:33)
	at Test_Cases.Login.login(Login.java:33)
	at Test_Cases.Login.login(Login.java:33)
	at Test_Cases.Login.login(Login.java:33)
	at Test_Cases.Login.login(Login.java:33)
	at Test_Cases.Login.login(Login.java:33)
	at Test_Cases.Login.login(Login.java:33)
	at Test_Cases.Login.login(Login.java:33)
	at Test_Cases.Login.login(Login.java:33)
	at Test_Cases.Login.login(Login.java:33)
	at Test_Cases.Login.login(Login.java:33)
	at Test_Cases.Login.login(Login.java:33)
	at Test_Cases.Login.login(Login.java:33)
	at Test_Cases.Login.login(Login.java:33)
	at Test_Cases.Login.login(Login.java:33)
	at Test_Cases.Login.login(Login.java:33)
	at Test_Cases.Login.login(Login.java:33)
	at Test_Cases.Login.login(Login.java:33)
	at Test_Cases.Login.login(Login.java:33)
	at Test_Cases.Login.login(Login.java:33)
	at Test_Cases.Login.login(Login.java:33)
	at Test_Cases.Login.login(Login.java:33)
	at Test_Cases.Login.login(Login.java:33)
	at Test_Cases.Login.login(Login.java:33)
	at Test_Cases.Login.login(Login.java:33)
	at Test_Cases.Login.login(Login.java:33)
	at Test_Cases.Login.login(Login.java:33)
	at Test_Cases.Login.login(Login.java:33)
	at Test_Cases.Login.login(Login.java:33)
	at Test_Cases.Login.login(Login.java:33)
	at Test_Cases.Login.login(Login.java:33)
	at Test_Cases.Login.login(Login.java:33)
	at Test_Cases.Login.login(Login.java:33)
	at Test_Cases.Login.login(Login.java:33)
	at Test_Cases.Login.login(Login.java:33)
	at Test_Cases.Login.login(Login.java:33)
	at Test_Cases.Login.login(Login.java:33)
	at Test_Cases.Login.login(Login.java:33)
	at Test_Cases.Login.login(Login.java:33)
	at Test_Cases.Login.login(Login.java:33)
	at Test_Cases.Login.login(Login.java:33)
	at Test_Cases.Login.login(Login.java:33)
	at Test_Cases.Login.login(Login.java:33)
	at Test_Cases.Login.login(Login.java:33)
	at Test_Cases.Login.login(Login.java:33)
	at Test_Cases.Login.login(Login.java:33)
	at Test_Cases.Login.login(Login.java:33)
	at Test_Cases.Login.login(Login.java:33)
	at Test_Cases.Login.login(Login.java:33)
	at Test_Cases.Login.login(Login.java:33)
	at Test_Cases.Login.login(Login.java:33)
	at Test_Cases.Login.login(Login.java:33)
	at Test_Cases.Login.login(Login.java:33)
	at Test_Cases.Login.login(Login.java:33)
	at Test_Cases.Login.login(Login.java:33)
	at Test_Cases.Login.login(Login.java:33)
	at Test_Cases.Login.login(Login.java:33)
	at Test_Cases.Login.login(Login.java:33)
	at Test_Cases.Login.login(Login.java:33)
	at Test_Cases.Login.login(Login.java:33)
	at Test_Cases.Login.login(Login.java:33)
	at Test_Cases.Login.login(Login.java:33)
	at Test_Cases.Login.login(Login.java:33)
	at Test_Cases.Login.login(Login.java:33)
	at Test_Cases.Login.login(Login.java:33)
	at Test_Cases.Login.login(Login.java:33)
	at Test_Cases.Login.login(Login.java:33)
	at Test_Cases.Login.login(Login.java:33)
	at Test_Cases.Login.login(Login.java:33)
	at Test_Cases.Login.login(Login.java:33)
	at Test_Cases.Login.login(Login.java:33)
	at Test_Cases.Login.login(Login.java:33)
	at Test_Cases.Login.login(Login.java:33)
	at Test_Cases.Login.login(Login.java:33)
	at Test_Cases.Login.login(Login.java:33)
	at Test_Cases.Login.login(Login.java:33)
	at Test_Cases.Login.login(Login.java:33)
	at Test_Cases.Login.login(Login.java:33)
	at Test_Cases.Login.login(Login.java:33)
	at Test_Cases.Login.login(Login.java:33)
	at Test_Cases.Login.login(Login.java:33)
	at Test_Cases.Login.login(Login.java:33)
	at Test_Cases.Login.login(Login.java:33)
	at Test_Cases.Login.login(Login.java:33)
	at Test_Cases.Login.login(Login.java:33)
	at Test_Cases.Login.login(Login.java:33)
	at Test_Cases.Login.login(Login.java:33)
	at Test_Cases.Login.login(Login.java:33)
	at Test_Cases.Login.login(Login.java:33)
	at Test_Cases.Login.login(Login.java:33)
	at Test_Cases.Login.login(Login.java:33)
	at Test_Cases.Login.login(Login.java:33)
	at Test_Cases.Login.login(Login.java:33)
	at Test_Cases.Login.login(Login.java:33)
	at Test_Cases.Login.login(Login.java:33)
	at Test_Cases.Login.login(Login.java:33)
	at Test_Cases.Login.login(Login.java:33)
	at Test_Cases.Login.login(Login.java:33)
	at Test_Cases.Login.login(Login.java:33)
	at Test_Cases.Login.login(Login.java:33)
	at Test_Cases.Login.login(Login.java:33)
	at Test_Cases.Login.login(Login.java:33)
	at Test_Cases.Login.login(Login.java:33)
	at Test_Cases.Login.login(Login.java:33)
	at Test_Cases.Login.login(Login.java:33)
	at Test_Cases.Login.login(Login.java:33)
	at Test_Cases.Login.login(Login.java:33)
	at Test_Cases.Login.login(Login.java:33)
	at Test_Cases.Login.login(Login.java:33)
	at Test_Cases.Login.login(Login.java:33)
	at Test_Cases.Login.login(Login.java:33)
	at Test_Cases.Login.login(Login.java:33)
	at Test_Cases.Login.login(Login.java:33)
	at Test_Cases.Login.login(Login.java:33)
	at Test_Cases.Login.login(Login.java:33)
	at Test_Cases.Login.login(Login.java:33)
	at Test_Cases.Login.login(Login.java:33)
	at Test_Cases.Login.login(Login.java:33)
	at Test_Cases.Login.login(Login.java:33)
	at Test_Cases.Login.login(Login.java:33)
	at Test_Cases.Login.login(Login.java:33)
	at Test_Cases.Login.login(Login.java:33)
	at Test_Cases.Login.login(Login.java:33)
	at Test_Cases.Login.login(Login.java:33)
	at Test_Cases.Login.login(Login.java:33)
	at Test_Cases.Login.login(Login.java:33)
	at Test_Cases.Login.login(Login.java:33)
	at Test_Cases.Login.login(Login.java:33)
	at Test_Cases.Login.login(Login.java:33)
	at Test_Cases.Login.login(Login.java:33)
	at Test_Cases.Login.login(Login.java:33)
	at Test_Cases.Login.login(Login.java:33)
	at Test_Cases.Login.login(Login.java:33)
	at Test_Cases.Login.login(Login.java:33)
	at Test_Cases.Login.login(Login.java:33)
	at Test_Cases.Login.login(Login.java:33)
	at Test_Cases.Login.login(Login.java:33)
	at Test_Cases.Login.login(Login.java:33)
	at Test_Cases.Login.login(Login.java:33)
	at Test_Cases.Login.login(Login.java:33)
	at Test_Cases.Login.login(Login.java:33)
	at Test_Cases.Login.login(Login.java:33)
	at Test_Cases.Login.login(Login.java:33)
	at Test_Cases.Login.login(Login.java:33)
	at Test_Cases.Login.login(Login.java:33)
	at Test_Cases.Login.login(Login.java:33)
	at Test_Cases.Login.login(Login.java:33)
	at Test_Cases.Login.login(Login.java:33)
	at Test_Cases.Login.login(Login.java:33)
	at Test_Cases.Login.login(Login.java:33)
	at Test_Cases.Login.login(Login.java:33)
	at Test_Cases.Login.login(Login.java:33)
	at Test_Cases.Login.login(Login.java:33)
	at Test_Cases.Login.login(Login.java:33)
	at Test_Cases.Login.login(Login.java:33)
	at Test_Cases.Login.login(Login.java:33)
	at Test_Cases.Login.login(Login.java:33)
	at Test_Cases.Login.login(Login.java:33)
	at Test_Cases.Login.login(Login.java:33)
	at Test_Cases.Login.login(Login.java:33)
	at Test_Cases.Login.login(Login.java:33)
	at Test_Cases.Login.login(Login.java:33)
	at Test_Cases.Login.login(Login.java:33)
	at Test_Cases.Login.login(Login.java:33)
	at Test_Cases.Login.login(Login.java:33)
	at Test_Cases.Login.login(Login.java:33)
	at Test_Cases.Login.login(Login.java:33)
	at Test_Cases.Login.login(Login.java:33)
	at Test_Cases.Login.login(Login.java:33)
	at Test_Cases.Login.login(Login.java:33)
	at Test_Cases.Login.login(Login.java:33)
	at Test_Cases.Login.login(Login.java:33)
	at Test_Cases.Login.login(Login.java:33)
	at Test_Cases.Login.login(Login.java:33)
	at Test_Cases.Login.login(Login.java:33)
	at Test_Cases.Login.login(Login.java:33)
	at Test_Cases.Login.login(Login.java:33)
	at Test_Cases.Login.login(Login.java:33)
	at Test_Cases.Login.login(Login.java:33)
	at Test_Cases.Login.login(Login.java:33)
	at Test_Cases.Login.login(Login.java:33)
	at Test_Cases.Login.login(Login.java:33)
	at Test_Cases.Login.login(Login.java:33)
	at Test_Cases.Login.login(Login.java:33)
	at Test_Cases.Login.login(Login.java:33)
	at Test_Cases.Login.login(Login.java:33)
	at Test_Cases.Login.login(Login.java:33)
	at Test_Cases.Login.login(Login.java:33)
	at Test_Cases.Login.login(Login.java:33)
	at Test_Cases.Login.login(Login.java:33)
	at Test_Cases.Login.login(Login.java:33)
	at Test_Cases.Login.login(Login.java:33)
	at Test_Cases.Login.login(Login.java:33)
	at Test_Cases.Login.login(Login.java:33)
	at Test_Cases.Login.login(Login.java:33)
	at Test_Cases.Login.login(Login.java:33)
	at Test_Cases.Login.login(Login.java:33)
	at Test_Cases.Login.login(Login.java:33)
	at Test_Cases.Login.login(Login.java:33)
	at Test_Cases.Login.login(Login.java:33)
	at Test_Cases.Login.login(Login.java:33)
	at Test_Cases.Login.login(Login.java:33)
	at Test_Cases.Login.login(Login.java:33)
	at Test_Cases.Login.login(Login.java:33)
	at Test_Cases.Login.login(Login.java:33)
	at Test_Cases.Login.login(Login.java:33)
	at Test_Cases.Login.login(Login.java:33)
	at Test_Cases.Login.login(Login.java:33)
	at Test_Cases.Login.login(Login.java:33)
	at Test_Cases.Login.login(Login.java:33)
	at Test_Cases.Login.login(Login.java:33)
	at Test_Cases.Login.login(Login.java:33)
	at Test_Cases.Login.login(Login.java:33)
	at Test_Cases.Login.login(Login.java:33)
	at Test_Cases.Login.login(Login.java:33)
	at Test_Cases.Login.login(Login.java:33)
	at Test_Cases.Login.login(Login.java:33)
	at Test_Cases.Login.login(Login.java:33)
	at Test_Cases.Login.login(Login.java:33)
	at Test_Cases.Login.login(Login.java:33)
	at Test_Cases.Login.login(Login.java:33)
	at Test_Cases.Login.login(Login.java:33)
	at Test_Cases.Login.login(Login.java:33)
	at Test_Cases.Login.login(Login.java:33)
	at Test_Cases.Login.login(Login.java:33)
	at Test_Cases.Login.login(Login.java:33)
	at Test_Cases.Login.login(Login.java:33)
	at Test_Cases.Login.login(Login.java:33)
	at Test_Cases.Login.login(Login.java:33)
	at Test_Cases.Login.login(Login.java:33)
	at Test_Cases.Login.login(Login.java:33)
	at Test_Cases.Login.login(Login.java:33)
	at Test_Cases.Login.login(Login.java:33)
	at Test_Cases.Login.login(Login.java:33)
	at Test_Cases.Login.login(Login.java:33)
	at Test_Cases.Login.login(Login.java:33)
	at Test_Cases.Login.login(Login.java:33)
	at Test_Cases.Login.login(Login.java:33)
	at Test_Cases.Login.login(Login.java:33)
	at Test_Cases.Login.login(Login.java:33)
	at Test_Cases.Login.login(Login.java:33)
	at Test_Cases.Login.login(Login.java:33)
	at Test_Cases.Login.login(Login.java:33)
	at Test_Cases.Login.login(Login.java:33)
	at Test_Cases.Login.login(Login.java:33)
	at Test_Cases.Login.login(Login.java:33)
	at Test_Cases.Login.login(Login.java:33)
	at Test_Cases.Login.login(Login.java:33)
	at Test_Cases.Login.login(Login.java:33)
	at Test_Cases.Login.login(Login.java:33)
	at Test_Cases.Login.login(Login.java:33)
	at Test_Cases.Login.login(Login.java:33)
	at Test_Cases.Login.login(Login.java:33)
	at Test_Cases.Login.login(Login.java:33)
	at Test_Cases.Login.login(Login.java:33)
	at Test_Cases.Login.login(Login.java:33)
	at Test_Cases.Login.login(Login.java:33)
	at Test_Cases.Login.login(Login.java:33)
	at Test_Cases.Login.login(Login.java:33)
	at Test_Cases.Login.login(Login.java:33)
	at Test_Cases.Login.login(Login.java:33)
	at Test_Cases.Login.login(Login.java:33)
	at Test_Cases.Login.login(Login.java:33)
	at Test_Cases.Login.login(Login.java:33)
	at Test_Cases.Login.login(Login.java:33)
	at Test_Cases.Login.login(Login.java:33)
	at Test_Cases.Login.login(Login.java:33)
	at Test_Cases.Login.login(Login.java:33)
	at Test_Cases.Login.login(Login.java:33)
	at Test_Cases.Login.login(Login.java:33)
	at Test_Cases.Login.login(Login.java:33)
	at Test_Cases.Login.login(Login.java:33)
	at Test_Cases.Login.login(Login.java:33)
	at Test_Cases.Login.login(Login.java:33)
	at Test_Cases.Login.login(Login.java:33)
	at Test_Cases.Login.login(Login.java:33)
	at Test_Cases.Login.login(Login.java:33)
	at Test_Cases.Login.login(Login.java:33)
	at Test_Cases.Login.login(Login.java:33)
	at Test_Cases.Login.login(Login.java:33)
	at Test_Cases.Login.login(Login.java:33)
	at Test_Cases.Login.login(Login.java:33)
	at Test_Cases.Login.login(Login.java:33)
	at Test_Cases.Login.login(Login.java:33)
	at Test_Cases.Login.login(Login.java:33)
	at Test_Cases.Login.login(Login.java:33)
	at Test_Cases.Login.login(Login.java:33)
	at Test_Cases.Login.login(Login.java:33)
	at Test_Cases.Login.login(Login.java:33)
	at Test_Cases.Login.login(Login.java:33)
	at Test_Cases.Login.login(Login.java:33)
	at Test_Cases.Login.login(Login.java:33)
	at Test_Cases.Login.login(Login.java:33)
	at Test_Cases.Login.login(Login.java:33)
	at Test_Cases.Login.login(Login.java:33)
	at Test_Cases.Login.login(Login.java:33)
	at Test_Cases.Login.login(Login.java:33)
	at Test_Cases.Login.login(Login.java:33)
	at Test_Cases.Login.login(Login.java:33)
	at Test_Cases.Login.login(Login.java:33)
	at Test_Cases.Login.login(Login.java:33)
	at Test_Cases.Login.login(Login.java:33)
	at Test_Cases.Login.login(Login.java:33)
	at Test_Cases.Login.login(Login.java:33)
	at Test_Cases.Login.login(Login.java:33)
	at Test_Cases.Login.login(Login.java:33)
	at Test_Cases.Login.login(Login.java:33)
	at Test_Cases.Login.login(Login.java:33)
	at Test_Cases.Login.login(Login.java:33)
	at Test_Cases.Login.login(Login.java:33)
	at Test_Cases.Login.login(Login.java:33)
	at Test_Cases.Login.login(Login.java:33)
	at Test_Cases.Login.login(Login.java:33)
	at Test_Cases.Login.login(Login.java:33)
	at Test_Cases.Login.login(Login.java:33)
	at Test_Cases.Login.login(Login.java:33)
	at Test_Cases.Login.login(Login.java:33)
	at Test_Cases.Login.login(Login.java:33)
	at Test_Cases.Login.login(Login.java:33)
	at Test_Cases.Login.login(Login.java:33)
	at Test_Cases.Login.login(Login.java:33)
	at Test_Cases.Login.login(Login.java:33)
	at Test_Cases.Login.login(Login.java:33)
	at Test_Cases.Login.login(Login.java:33)
	at Test_Cases.Login.login(Login.java:33)
	at Test_Cases.Login.login(Login.java:33)
	at Test_Cases.Login.login(Login.java:33)
	at Test_Cases.Login.login(Login.java:33)
	at Test_Cases.Login.login(Login.java:33)
	at Test_Cases.Login.login(Login.java:33)
	at Test_Cases.Login.login(Login.java:33)
	at Test_Cases.Login.login(Login.java:33)
	at Test_Cases.Login.login(Login.java:33)
	at Test_Cases.Login.login(Login.java:33)
	at Test_Cases.Login.login(Login.java:33)
	at Test_Cases.Login.login(Login.java:33)
	at Test_Cases.Login.login(Login.java:33)
	at Test_Cases.Login.login(Login.java:33)
	at Test_Cases.Login.login(Login.java:33)
	at Test_Cases.Login.login(Login.java:33)
	at Test_Cases.Login.login(Login.java:33)
	at Test_Cases.Login.login(Login.java:33)
	at Test_Cases.Login.login(Login.java:33)
	at Test_Cases.Login.login(Login.java:33)
	at Test_Cases.Login.login(Login.java:33)
	at Test_Cases.Login.login(Login.java:33)
	at Test_Cases.Login.login(Login.java:33)
	at Test_Cases.Login.login(Login.java:33)
	at Test_Cases.Login.login(Login.java:33)
	at Test_Cases.Login.login(Login.java:33)
	at Test_Cases.Login.login(Login.java:33)
	at Test_Cases.Login.login(Login.java:33)
	at Test_Cases.Login.login(Login.java:33)
	at Test_Cases.Login.login(Login.java:33)
	at Test_Cases.Login.login(Login.java:33)
	at Test_Cases.Login.login(Login.java:33)
	at Test_Cases.Login.login(Login.java:33)
	at Test_Cases.Login.login(Login.java:33)
	at Test_Cases.Login.login(Login.java:33)
	at Test_Cases.Login.login(Login.java:33)
	at Test_Cases.Login.login(Login.java:33)
	at Test_Cases.Login.login(Login.java:33)
	at Test_Cases.Login.login(Login.java:33)
	at Test_Cases.Login.login(Login.java:33)
	at Test_Cases.Login.login(Login.java:33)
	at Test_Cases.Login.login(Login.java:33)
	at Test_Cases.Login.login(Login.java:33)
	at Test_Cases.Login.login(Login.java:33)
	at Test_Cases.Login.login(Login.java:33)
	at Test_Cases.Login.login(Login.java:33)
	at Test_Cases.Login.login(Login.java:33)
	at Test_Cases.Login.login(Login.java:33)
	at Test_Cases.Login.login(Login.java:33)
	at Test_Cases.Login.login(Login.java:33)
	at Test_Cases.Login.login(Login.java:33)
	at Test_Cases.Login.login(Login.java:33)
	at Test_Cases.Login.login(Login.java:33)
	at Test_Cases.Login.login(Login.java:33)
	at Test_Cases.Login.login(Login.java:33)
	at Test_Cases.Login.login(Login.java:33)
	at Test_Cases.Login.login(Login.java:33)
	at Test_Cases.Login.login(Login.java:33)
	at Test_Cases.Login.login(Login.java:33)
	at Test_Cases.Login.login(Login.java:33)
	at Test_Cases.Login.login(Login.java:33)
	at Test_Cases.Login.login(Login.java:33)
	at Test_Cases.Login.login(Login.java:33)
	at Test_Cases.Login.login(Login.java:33)
	at Test_Cases.Login.login(Login.java:33)
	at Test_Cases.Login.login(Login.java:33)
	at Test_Cases.Login.login(Login.java:33)
	at Test_Cases.Login.login(Login.java:33)
	at Test_Cases.Login.login(Login.java:33)
	at Test_Cases.Login.login(Login.java:33)
	at Test_Cases.Login.login(Login.java:33)
	at Test_Cases.Login.login(Login.java:33)
	at Test_Cases.Login.login(Login.java:33)
	at Test_Cases.Login.login(Login.java:33)
	at Test_Cases.Login.login(Login.java:33)
	at Test_Cases.Login.login(Login.java:33)
	at Test_Cases.Login.login(Login.java:33)
	at Test_Cases.Login.login(Login.java:33)
	at Test_Cases.Login.login(Login.java:33)
	at Test_Cases.Login.login(Login.java:33)
	at Test_Cases.Login.login(Login.java:33)
	at Test_Cases.Login.login(Login.java:33)
	at Test_Cases.Login.login(Login.java:33)
	at Test_Cases.Login.login(Login.java:33)
	at Test_Cases.Login.login(Login.java:33)
	at Test_Cases.Login.login(Login.java:33)
	at Test_Cases.Login.login(Login.java:33)
	at Test_Cases.Login.login(Login.java:33)
	at Test_Cases.Login.login(Login.java:33)
	at Test_Cases.Login.login(Login.java:33)
	at Test_Cases.Login.login(Login.java:33)
	at Test_Cases.Login.login(Login.java:33)
	at Test_Cases.Login.login(Login.java:33)
	at Test_Cases.Login.login(Login.java:33)
	at Test_Cases.Login.login(Login.java:33)
	at Test_Cases.Login.login(Login.java:33)
	at Test_Cases.Login.login(Login.java:33)
	at Test_Cases.Login.login(Login.java:33)
	at Test_Cases.Login.login(Login.java:33)
	at Test_Cases.Login.login(Login.java:33)
	at Test_Cases.Login.login(Login.java:33)
	at Test_Cases.Login.login(Login.java:33)
	at Test_Cases.Login.login(Login.java:33)
	at Test_Cases.Login.login(Login.java:33)
	at Test_Cases.Login.login(Login.java:33)
	at Test_Cases.Login.login(Login.java:33)
	at Test_Cases.Login.login(Login.java:33)
	at Test_Cases.Login.login(Login.java:33)
	at Test_Cases.Login.login(Login.java:33)
	at Test_Cases.Login.login(Login.java:33)
	at Test_Cases.Login.login(Login.java:33)
	at Test_Cases.Login.login(Login.java:33)
	at Test_Cases.Login.login(Login.java:33)
	at Test_Cases.Login.login(Login.java:33)
	at Test_Cases.Login.login(Login.java:33)
	at Test_Cases.Login.login(Login.java:33)
	at Test_Cases.Login.login(Login.java:33)
	at Test_Cases.Login.login(Login.java:33)
	at Test_Cases.Login.login(Login.java:33)
	at Test_Cases.Login.login(Login.java:33)
	at Test_Cases.Login.login(Login.java:33)
	at Test_Cases.Login.login(Login.java:33)
	at Test_Cases.Login.login(Login.java:33)
	at Test_Cases.Login.login(Login.java:33)
	at Test_Cases.Login.login(Login.java:33)
	at Test_Cases.Login.login(Login.java:33)
	at Test_Cases.Login.login(Login.java:33)
	at Test_Cases.Login.login(Login.java:33)
	at Test_Cases.Login.login(Login.java:33)
	at Test_Cases.Login.login(Login.java:33)
	at Test_Cases.Login.login(Login.java:33)
	at Test_Cases.Login.login(Login.java:33)
	at Test_Cases.Login.login(Login.java:33)
	at Test_Cases.Login.login(Login.java:33)
	at Test_Cases.Login.login(Login.java:33)
	at Test_Cases.Login.login(Login.java:33)
	at Test_Cases.Login.login(Login.java:33)
	at Test_Cases.Login.login(Login.java:33)
	at Test_Cases.Login.login(Login.java:33)
	at Test_Cases.Login.login(Login.java:33)
	at Test_Cases.Login.login(Login.java:33)
	at Test_Cases.Login.login(Login.java:33)
	at Test_Cases.Login.login(Login.java:33)
	at Test_Cases.Login.login(Login.java:33)
	at Test_Cases.Login.login(Login.java:33)
	at Test_Cases.Login.login(Login.java:33)
	at Test_Cases.Login.login(Login.java:33)
	at Test_Cases.Login.login(Login.java:33)
	at Test_Cases.Login.login(Login.java:33)
	at Test_Cases.Login.login(Login.java:33)
	at Test_Cases.Login.login(Login.java:33)
	at Test_Cases.Login.login(Login.java:33)
	at Test_Cases.Login.login(Login.java:33)
	at Test_Cases.Login.login(Login.java:33)
	at Test_Cases.Login.login(Login.java:33)
	at Test_Cases.Login.login(Login.java:33)
	at Test_Cases.Login.login(Login.java:33)
	at Test_Cases.Login.login(Login.java:33)
	at Test_Cases.Login.login(Login.java:33)
	at Test_Cases.Login.login(Login.java:33)
	at Test_Cases.Login.login(Login.java:33)
	at Test_Cases.Login.login(Login.java:33)
	at Test_Cases.Login.login(Login.java:33)
	at Test_Cases.Login.login(Login.java:33)
	at Test_Cases.Login.login(Login.java:33)
	at Test_Cases.Login.login(Login.java:33)
	at Test_Cases.Login.login(Login.java:33)
	at Test_Cases.Login.login(Login.java:33)
	at Test_Cases.Login.login(Login.java:33)
	at Test_Cases.Login.login(Login.java:33)
	at Test_Cases.Login.login(Login.java:33)
	at Test_Cases.Login.login(Login.java:33)
	at Test_Cases.Login.login(Login.java:33)
	at Test_Cases.Login.login(Login.java:33)
	at Test_Cases.Login.login(Login.java:33)
	at Test_Cases.Login.login(Login.java:33)
	at Test_Cases.Login.login(Login.java:33)
	at Test_Cases.Login.login(Login.java:33)
	at Test_Cases.Login.login(Login.java:33)
	at Test_Cases.Login.login(Login.java:33)
	at Test_Cases.Login.login(Login.java:33)
	at Test_Cases.Login.login(Login.java:33)
	at Test_Cases.Login.login(Login.java:33)
	at Test_Cases.Login.login(Login.java:33)
	at Test_Cases.Login.login(Login.java:33)
	at Test_Cases.Login.login(Login.java:33)
	at Test_Cases.Login.login(Login.java:33)
	at Test_Cases.Login.login(Login.java:33)
	at Test_Cases.Login.login(Login.java:33)
	at Test_Cases.Login.login(Login.java:33)
	at Test_Cases.Login.login(Login.java:33)
	at Test_Cases.Login.login(Login.java:33)
	at Test_Cases.Login.login(Login.java:33)
	at Test_Cases.Login.login(Login.java:33)
	at Test_Cases.Login.login(Login.java:33)
	at Test_Cases.Login.login(Login.java:33)
	at Test_Cases.Login.login(Login.java:33)
	at Test_Cases.Login.login(Login.java:33)
	at Test_Cases.Login.login(Login.java:33)
	at Test_Cases.Login.login(Login.java:33)
	at Test_Cases.Login.login(Login.java:33)
	at Test_Cases.Login.login(Login.java:33)
	at Test_Cases.Login.login(Login.java:33)
	at Test_Cases.Login.login(Login.java:33)
	at Test_Cases.Login.login(Login.java:33)
	at Test_Cases.Login.login(Login.java:33)
	at Test_Cases.Login.login(Login.java:33)
	at Test_Cases.Login.login(Login.java:33)
	at Test_Cases.Login.login(Login.java:33)
	at Test_Cases.Login.login(Login.java:33)
	at Test_Cases.Login.login(Login.java:33)
	at Test_Cases.Login.login(Login.java:33)
	at Test_Cases.Login.login(Login.java:33)
	at Test_Cases.Login.login(Login.java:33)
	at Test_Cases.Login.login(Login.java:33)
	at Test_Cases.Login.login(Login.java:33)
	at Test_Cases.Login.login(Login.java:33)
	at Test_Cases.Login.login(Login.java:33)
	at Test_Cases.Login.login(Login.java:33)
	at Test_Cases.Login.login(Login.java:33)
	at Test_Cases.Login.login(Login.java:33)
	at Test_Cases.Login.login(Login.java:33)
	at Test_Cases.Login.login(Login.java:33)
	at Test_Cases.Login.login(Login.java:33)
	at Test_Cases.Login.login(Login.java:33)
	at Test_Cases.Login.login(Login.java:33)
	at Test_Cases.Login.login(Login.java:33)
	at Test_Cases.Login.login(Login.java:33)
	at Test_Cases.Login.login(Login.java:33)
	at Test_Cases.Login.login(Login.java:33)
	at Test_Cases.Login.login(Login.java:33)
	at Test_Cases.Login.login(Login.java:33)
	at Test_Cases.Login.login(Login.java:33)
	at Test_Cases.Login.login(Login.java:33)
	at Test_Cases.Login.login(Login.java:33)
	at Test_Cases.Login.login(Login.java:33)
	at Test_Cases.Login.login(Login.java:33)
	at Test_Cases.Login.login(Login.java:33)
	at Test_Cases.Login.login(Login.java:33)
	at Test_Cases.Login.login(Login.java:33)
	at Test_Cases.Login.login(Login.java:33)
	at Test_Cases.Login.login(Login.java:33)
	at Test_Cases.Login.login(Login.java:33)
	at Test_Cases.Login.login(Login.java:33)
	at Test_Cases.Login.login(Login.java:33)
	at Test_Cases.Login.login(Login.java:33)
	at Test_Cases.Login.login(Login.java:33)
	at Test_Cases.Login.login(Login.java:33)
	at Test_Cases.Login.login(Login.java:33)
	at Test_Cases.Login.login(Login.java:33)
	at Test_Cases.Login.login(Login.java:33)
	at Test_Cases.Login.login(Login.java:33)
	at Test_Cases.Login.login(Login.java:33)
	at Test_Cases.Login.login(Login.java:33)
	at Test_Cases.Login.login(Login.java:33)
	at Test_Cases.Login.login(Login.java:33)
	at Test_Cases.Login.login(Login.java:33)
	at Test_Cases.Login.login(Login.java:33)
	at Test_Cases.Login.login(Login.java:33)
	at Test_Cases.Login.login(Login.java:33)
	at Test_Cases.Login.login(Login.java:33)
	at Test_Cases.Login.login(Login.java:33)
	at Test_Cases.Login.login(Login.java:33)
	at Test_Cases.Login.login(Login.java:33)
	at Test_Cases.Login.login(Login.java:33)
	at Test_Cases.Login.login(Login.java:33)
	at Test_Cases.Login.login(Login.java:33)
	at Test_Cases.Login.login(Login.java:33)
	at Test_Cases.Login.login(Login.java:33)
	at Test_Cases.Login.login(Login.java:33)
	at Test_Cases.Login.login(Login.java:33)
	at Test_Cases.Login.login(Login.java:33)
	at Test_Cases.Login.login(Login.java:33)
	at Test_Cases.Login.login(Login.java:33)
	at Test_Cases.Login.login(Login.java:33)
	at Test_Cases.Login.login(Login.java:33)
	at Test_Cases.Login.login(Login.java:33)
	at Test_Cases.Login.login(Login.java:33)
	at Test_Cases.Login.login(Login.java:33)
	at Test_Cases.Login.login(Login.java:33)
	at Test_Cases.Login.login(Login.java:33)
	at Test_Cases.Login.login(Login.java:33)
	at Test_Cases.Login.login(Login.java:33)
	at Test_Cases.Login.login(Login.java:33)
	at Test_Cases.Login.login(Login.java:33)
	at Test_Cases.Login.login(Login.java:33)
	at Test_Cases.Login.login(Login.java:33)
	at Test_Cases.Login.login(Login.java:33)
	at Test_Cases.Login.login(Login.java:33)
	at Test_Cases.Login.login(Login.java:33)
	at Test_Cases.Login.login(Login.java:33)
	at Test_Cases.Login.login(Login.java:33)
	at Test_Cases.Login.login(Login.java:33)
	at Test_Cases.Login.login(Login.java:33)
	at Test_Cases.Login.login(Login.java:33)
	at Test_Cases.Login.login(Login.java:33)
	at Test_Cases.Login.login(Login.java:33)
	at Test_Cases.Login.login(Login.java:33)
	at Test_Cases.Login.login(Login.java:33)
	at Test_Cases.Login.login(Login.java:33)
	at Test_Cases.Login.login(Login.java:33)
	at Test_Cases.Login.login(Login.java:33)
	at Test_Cases.Login.login(Login.java:33)
	at Test_Cases.Login.login(Login.java:33)
	at Test_Cases.Login.login(Login.java:33)
	at Test_Cases.Login.login(Login.java:33)
	at Test_Cases.Login.login(Login.java:33)
	at Test_Cases.Login.login(Login.java:33)
	at Test_Cases.Login.login(Login.java:33)
	at Test_Cases.Login.login(Login.java:33)
	at Test_Cases.Login.login(Login.java:33)
	at Test_Cases.Login.login(Login.java:33)
	at Test_Cases.Login.login(Login.java:33)
	at Test_Cases.Login.login(Login.java:33)
	at Test_Cases.Login.login(Login.java:33)
	at Test_Cases.Login.login(Login.java:33)
	at Test_Cases.Login.login(Login.java:33)
	at Test_Cases.Login.login(Login.java:33)
	at Test_Cases.Login.login(Login.java:33)
	at Test_Cases.Login.login(Login.java:33)
	at Test_Cases.Login.login(Login.java:33)
	at Test_Cases.Login.login(Login.java:33)
	at Test_Cases.Login.login(Login.java:33)
	at Test_Cases.Login.login(Login.java:33)
	at Test_Cases.Login.login(Login.java:33)
	at Test_Cases.Login.login(Login.java:33)
	at Test_Cases.Login.login(Login.java:33)
	at Test_Cases.Login.login(Login.java:33)
	at Test_Cases.Login.login(Login.java:33)
	at Test_Cases.Login.login(Login.java:33)
	at Test_Cases.Login.login(Login.java:33)
	at Test_Cases.Login.login(Login.java:33)
	at Test_Cases.Login.login(Login.java:33)
	at Test_Cases.Login.login(Login.java:33)
	at Test_Cases.Login.login(Login.java:33)
	at Test_Cases.Login.login(Login.java:33)
	at Test_Cases.Login.login(Login.java:33)
	at Test_Cases.Login.login(Login.java:33)
	at Test_Cases.Login.login(Login.java:33)
	at Test_Cases.Login.login(Login.java:33)
	at Test_Cases.Login.login(Login.java:33)
	at Test_Cases.Login.login(Login.java:33)
	at Test_Cases.Login.login(Login.java:33)
	at Test_Cases.Login.login(Login.java:33)
	at Test_Cases.Login.login(Login.java:33)
	at Test_Cases.Login.login(Login.java:33)
	at Test_Cases.Login.login(Login.java:33)
	at Test_Cases.Login.login(Login.java:33)
	at Test_Cases.Login.login(Login.java:33)
	at Test_Cases.Login.login(Login.java:33)
	at Test_Cases.Login.login(Login.java:33)
	at Test_Cases.Login.login(Login.java:33)
	at Test_Cases.Login.login(Login.java:33)
	at Test_Cases.Login.login(Login.java:33)
	at Test_Cases.Login.login(Login.java:33)
	at Test_Cases.Login.login(Login.java:33)
	at Test_Cases.Login.login(Login.java:33)
	at Test_Cases.Login.login(Login.java:33)
	at Test_Cases.Login.login(Login.java:33)
	at Test_Cases.Login.login(Login.java:33)
	at Test_Cases.Login.login(Login.java:33)
	at Test_Cases.Login.login(Login.java:33)
	at Test_Cases.Login.login(Login.java:33)
	at Test_Cases.Login.login(Login.java:33)
	at Test_Cases.Login.login(Login.java:33)
	at Test_Cases.Login.login(Login.java:33)
	at Test_Cases.Login.login(Login.java:33)
	at Test_Cases.Login.login(Login.java:33)
	at Test_Cases.Login.login(Login.java:33)
	at Test_Cases.Login.login(Login.java:33)
	at Test_Cases.Login.login(Login.java:33)
	at Test_Cases.Login.login(Login.java:33)
	at Test_Cases.Login.login(Login.java:33)
	at Test_Cases.Login.login(Login.java:33)
	at Test_Cases.Login.login(Login.java:33)
	at Test_Cases.Login.login(Login.java:33)
	at Test_Cases.Login.login(Login.java:33)
	at Test_Cases.Login.login(Login.java:33)
	at Test_Cases.Login.login(Login.java:33)
	at Test_Cases.Login.login(Login.java:33)
	at Test_Cases.Login.login(Login.java:33)
	at Test_Cases.Login.login(Login.java:33)
	at Test_Cases.Login.login(Login.java:33)
	at Test_Cases.Login.login(Login.java:33)
	at Test_Cases.Login.login(Login.java:33)
	at Test_Cases.Login.login(Login.java:33)
	at Test_Cases.Login.login(Login.java:33)
	at Test_Cases.Login.login(Login.java:33)
	at Test_Cases.Login.login(Login.java:33)
	at Test_Cases.Login.login(Login.java:33)
	at Test_Cases.Login.login(Login.java:33)
	at Test_Cases.Login.login(Login.java:33)
	at Test_Cases.Login.login(Login.java:33)
	at Test_Cases.Login.login(Login.java:33)
	at Test_Cases.Login.login(Login.java:33)
	at Test_Cases.Login.login(Login.java:33)
	at Test_Cases.Login.login(Login.java:33)
	at Test_Cases.Login.login(Login.java:33)
	at Test_Cases.Login.login(Login.java:33)
	at Test_Cases.Login.login(Login.java:33)
	at Test_Cases.Login.login(Login.java:33)
	at Test_Cases.Login.login(Login.java:33)
	at Test_Cases.Login.login(Login.java:33)
	at Test_Cases.Login.login(Login.java:33)
	at Test_Cases.Login.login(Login.java:33)
	at Test_Cases.Login.login(Login.java:33)
	at Test_Cases.Login.login(Login.java:33)
	at Test_Cases.Login.login(Login.java:33)
	at Test_Cases.Login.login(Login.java:33)
	at Test_Cases.Login.login(Login.java:33)
	at Test_Cases.Login.login(Login.java:33)
	at Test_Cases.Login.login(Login.java:33)
	at Test_Cases.Login.login(Login.java:33)
	at Test_Cases.Login.login(Login.java:33)
	at Test_Cases.Login.login(Login.java:33)
	at Test_Cases.Login.login(Login.java:33)
	at Test_Cases.Login.login(Login.java:33)
	at Test_Cases.Login.login(Login.java:33)
	at Test_Cases.Login.login(Login.java:33)
	at Test_Cases.Login.login(Login.java:33)
	at Test_Cases.Login.login(Login.java:33)
	at Test_Cases.Login.login(Login.java:33)
	at Test_Cases.Login.login(Login.java:33)
	at Test_Cases.Login.login(Login.java:33)
	at Test_Cases.Login.login(Login.java:33)
	at Test_Cases.Login.login(Login.java:33)
	at Test_Cases.Login.login(Login.java:33)
	at Test_Cases.Login.login(Login.java:33)
	at Test_Cases.Login.login(Login.java:33)
	at Test_Cases.Login.login(Login.java:33)
	at Test_Cases.Login.login(Login.java:33)
	at Test_Cases.Login.login(Login.java:33)
	at Test_Cases.Login.login(Login.java:33)
	at Test_Cases.Login.login(Login.java:33)
	at Test_Cases.Login.login(Login.java:33)
	at Test_Cases.Login.login(Login.java:33)
	at Test_Cases.Login.login(Login.java:33)
	at Test_Cases.Login.login(Login.java:33)
	at Test_Cases.Login.login(Login.java:33)
	at Test_Cases.Login.login(Login.java:33)
	at Test_Cases.Login.login(Login.java:33)
	at Test_Cases.Login.login(Login.java:33)
	at Test_Cases.Login.login(Login.java:33)
	at Test_Cases.Login.login(Login.java:33)
	at Test_Cases.Login.login(Login.java:33)
	at Test_Cases.Login.login(Login.java:33)
	at Test_Cases.Login.login(Login.java:33)
	at Test_Cases.Login.login(Login.java:33)
	at Test_Cases.Login.login(Login.java:33)
	at Test_Cases.Login.login(Login.java:33)
	at Test_Cases.Login.login(Login.java:33)
	at Test_Cases.Login.login(Login.java:33)
	at Test_Cases.Login.login(Login.java:33)
	at Test_Cases.Login.login(Login.java:33)
	at Test_Cases.Login.login(Login.java:33)
	at Test_Cases.Login.login(Login.java:33)
	at Test_Cases.Login.login(Login.java:33)
	at Test_Cases.Login.login(Login.java:33)
	at Test_Cases.Login.login(Login.java:33)
	at Test_Cases.Login.login(Login.java:33)
	at Test_Cases.Login.login(Login.java:33)
	at Test_Cases.Login.login(Login.java:33)
	at Test_Cases.Login.login(Login.java:33)
	at Test_Cases.Login.login(Login.java:33)
	at Test_Cases.Login.login(Login.java:33)
	at Test_Cases.Login.login(Login.java:33)
	at Test_Cases.Login.login(Login.java:33)
	at Test_Cases.Login.login(Login.java:33)
	at Test_Cases.Login.login(Login.java:33)
	at Test_Cases.Login.login(Login.java:33)
	at Test_Cases.Login.login(Login.java:33)
	at Test_Cases.Login.login(Login.java:33)
	at Test_Cases.Login.login(Login.java:33)
	at Test_Cases.Login.login(Login.java:33)
	at Test_Cases.Login.login(Login.java:33)
	at Test_Cases.Login.login(Login.java:33)
	at Test_Cases.Login.login(Login.java:33)
	at Test_Cases.Login.login(Login.java:33)
	at Test_Cases.Login.login(Login.java:33)
	at Test_Cases.Login.login(Login.java:33)
	at Test_Cases.Login.login(Login.java:33)
	at Test_Cases.Login.login(Login.java:33)
	at Test_Cases.Login.login(Login.java:33)
	at Test_Cases.Login.login(Login.java:33)
	at Test_Cases.Login.login(Login.java:33)
	at Test_Cases.Login.login(Login.java:33)
	at Test_Cases.Login.login(Login.java:33)
	at Test_Cases.Login.login(Login.java:33)
	at Test_Cases.Login.login(Login.java:33)
	at Test_Cases.Login.login(Login.java:33)
	at Test_Cases.Login.login(Login.java:33)
	at Test_Cases.Login.login(Login.java:33)
	at Test_Cases.Login.login(Login.java:33)
	at Test_Cases.Login.login(Login.java:33)
	at Test_Cases.Login.login(Login.java:33)
	at Test_Cases.Login.login(Login.java:33)
	at Test_Cases.Login.login(Login.java:33)
	at Test_Cases.Login.login(Login.java:33)
	at Test_Cases.Login.login(Login.java:33)
	at Test_Cases.Login.login(Login.java:33)
	at Test_Cases.Login.login(Login.java:33)
	at Test_Cases.Login.login(Login.java:33)
	at Test_Cases.Login.login(Login.java:33)
	at Test_Cases.Login.login(Login.java:33)
	at Test_Cases.Login.login(Login.java:33)
	at Test_Cases.Login.login(Login.java:33)
	at Test_Cases.Login.login(Login.java:33)
	at Test_Cases.Login.login(Login.java:33)
	at Test_Cases.Login.login(Login.java:33)
	at Test_Cases.Login.login(Login.java:33)
	at Test_Cases.Login.login(Login.java:33)
	at Test_Cases.Login.login(Login.java:33)
	at Test_Cases.Login.login(Login.java:33)
	at Test_Cases.Login.login(Login.java:33)
	at Test_Cases.Login.login(Login.java:33)
	at Test_Cases.Login.login(Login.java:33)
	at Test_Cases.Login.login(Login.java:33)
	at Test_Cases.Login.login(Login.java:33)
	at Test_Cases.Login.login(Login.java:33)
	at Test_Cases.Login.login(Login.java:33)
	at Test_Cases.Login.login(Login.java:33)
	at Test_Cases.Login.login(Login.java:33)
	at Test_Cases.Login.login(Login.java:33)
	at Test_Cases.Login.login(Login.java:33)
	at Test_Cases.Login.login(Login.java:33)
	at Test_Cases.Login.login(Login.java:33)
	at Test_Cases.Login.login(Login.java:33)
	at Test_Cases.Login.login(Login.java:33)
	at Test_Cases.Login.login(Login.java:33)
	at Test_Cases.Login.login(Login.java:33)
	at Test_Cases.Login.login(Login.java:33)
	at Test_Cases.Login.login(Login.java:33)
	at Test_Cases.Login.login(Login.java:33)
	at Test_Cases.Login.login(Login.java:33)
	at Test_Cases.Login.login(Login.java:33)
	at Test_Cases.Login.login(Login.java:33)
	at Test_Cases.Login.login(Login.java:33)
	at Test_Cases.Login.login(Login.java:33)
	at Test_Cases.Login.login(Login.java:33)
	at Test_Cases.Login.login(Login.java:33)
	at Test_Cases.Login.login(Login.java:33)
	at Test_Cases.Login.login(Login.java:33)
	at Test_Cases.Login.login(Login.java:33)
	at Test_Cases.Login.login(Login.java:33)
	at Test_Cases.Login.login(Login.java:33)
	at Test_Cases.Login.login(Login.java:33)
	at Test_Cases.Login.login(Login.java:33)
	at Test_Cases.Login.login(Login.java:33)
	at Test_Cases.Login.login(Login.java:33)
	at Test_Cases.Login.login(Login.java:33)
	at Test_Cases.Login.login(Login.java:33)
	at Test_Cases.Login.login(Login.java:33)
	at Test_Cases.Login.login(Login.java:33)
	at Test_Cases.Login.login(Login.java:33)
	at Test_Cases.Login.login(Login.java:33)
	at Test_Cases.Login.login(Login.java:33)
	at Test_Cases.Login.login(Login.java:33)
	at Test_Cases.Login.login(Login.java:33)
	at Test_Cases.Login.login(Login.java:33)
	at Test_Cases.Login.login(Login.java:33)
	at Test_Cases.Login.login(Login.java:33)
	at Test_Cases.Login.login(Login.java:33)
	at Test_Cases.Login.login(Login.java:33)
	at Test_Cases.Login.login(Login.java:33)
	at Test_Cases.Login.login(Login.java:33)
	at Test_Cases.Login.login(Login.java:33)
	at Test_Cases.Login.login(Login.java:33)
	at Test_Cases.Login.login(Login.java:33)
	at Test_Cases.Login.login(Login.java:33)
	at Test_Cases.Login.login(Login.java:33)
	at Test_Cases.Login.login(Login.java:33)
	at Test_Cases.Login.login(Login.java:33)
	at Test_Cases.Login.login(Login.java:33)
	at Test_Cases.Login.login(Login.java:33)
	at Test_Cases.Login.login(Login.java:33)
	at Test_Cases.Login.login(Login.java:33)
	at Test_Cases.Login.login(Login.java:33)
	at Test_Cases.Login.login(Login.java:33)
	at Test_Cases.Login.login(Login.java:33)
	at Test_Cases.Login.login(Login.java:33)
	at Test_Cases.Login.login(Login.java:33)
	at Test_Cases.Login.login(Login.java:33)
	at Test_Cases.Login.login(Login.java:33)
	at Test_Cases.Login.login(Login.java:33)
	at Test_Cases.Login.login(Login.java:33)
	at Test_Cases.Login.login(Login.java:33)
	at Test_Cases.Login.login(Login.java:33)
	at Test_Cases.Login.login(Login.java:33)
	at Test_Cases.Login.login(Login.java:33)
	at Test_Cases.Login.login(Login.java:33)
	at Test_Cases.Login.login(Login.java:33)
	at Test_Cases.Login.login(Login.java:33)
	at Test_Cases.Login.login(Login.java:33)
	at Test_Cases.Login.login(Login.java:33)
	at Test_Cases.Login.login(Login.java:33)
	at Test_Cases.Login.login(Login.java:33)
	at Test_Cases.Login.login(Login.java:33)
	at Test_Cases.Login.login(Login.java:33)
	at Test_Cases.Login.login(Login.java:33)
	at Test_Cases.Login.login(Login.java:33)
	at Test_Cases.Login.login(Login.java:33)
	at Test_Cases.Login.login(Login.java:33)
	at Test_Cases.Login.login(Login.java:33)
	at Test_Cases.Login.login(Login.java:33)
	at Test_Cases.Login.login(Login.java:33)
	at Test_Cases.Login.login(Login.java:33)
	at Test_Cases.Login.login(Login.java:33)
	at Test_Cases.Login.login(Login.java:33)
	at Test_Cases.Login.login(Login.java:33)
	at Test_Cases.Login.login(Login.java:33)
	at Test_Cases.Login.login(Login.java:33)
	at Test_Cases.Login.login(Login.java:33)
	at Test_Cases.Login.login(Login.java:33)
	at Test_Cases.Login.login(Login.java:33)
	at Test_Cases.Login.login(Login.java:33)
	at Test_Cases.Login.login(Login.java:33)
	at Test_Cases.Login.login(Login.java:33)
	at Test_Cases.Login.login(Login.java:33)
	at Test_Cases.Login.login(Login.java:33)
	at Test_Cases.Login.login(Login.java:33)
	at Test_Cases.Login.login(Login.java:33)
	at Test_Cases.Login.login(Login.java:33)
	at Test_Cases.Login.login(Login.java:33)
	at Test_Cases.Login.login(Login.java:33)
	at Test_Cases.Login.login(Login.java:33)
	at Test_Cases.Login.login(Login.java:33)
	at Test_Cases.Login.login(Login.java:33)
	at Test_Cases.Login.login(Login.java:33)
	at Test_Cases.Login.login(Login.java:33)
	at Test_Cases.Login.login(Login.java:33)
	at Test_Cases.Login.login(Login.java:33)
	at Test_Cases.Login.login(Login.java:33)
	at Test_Cases.Login.login(Login.java:33)
	at Test_Cases.Login.login(Login.java:33)
	at Test_Cases.Login.login(Login.java:33)
	at Test_Cases.Login.login(Login.java:33)
	at Test_Cases.Login.login(Login.java:33)
	at Test_Cases.Login.login(Login.java:33)
	at Test_Cases.Login.login(Login.java:33)
	at Test_Cases.Login.login(Login.java:33)
	at Test_Cases.Login.login(Login.java:33)
	at Test_Cases.Login.login(Login.java:33)
	at Test_Cases.Login.login(Login.java:33)
	at Test_Cases.Login.login(Login.java:33)
	at Test_Cases.Login.login(Login.java:33)
	at Test_Cases.Login.login(Login.java:33)
	at Test_Cases.Login.login(Login.java:33)
	at Test_Cases.Login.login(Login.java:33)
	at Test_Cases.Login.login(Login.java:33)
	at Test_Cases.Login.login(Login.java:33)
	at Test_Cases.Login.login(Login.java:33)
	at Test_Cases.Login.login(Login.java:33)
	at Test_Cases.Login.login(Login.java:33)
	at Test_Cases.Login.login(Login.java:33)
	at Test_Cases.Login.login(Login.java:33)
	at Test_Cases.Login.login(Login.java:33)
	at Test_Cases.Login.login(Login.java:33)
	at Test_Cases.Login.login(Login.java:33)
	at Test_Cases.Login.login(Login.java:33)
	at Test_Cases.Login.login(Login.java:33)
	at Test_Cases.Login.login(Login.java:33)
	at Test_Cases.Login.login(Login.java:33)
	at Test_Cases.Login.login(Login.java:33)
	at Test_Cases.Login.login(Login.java:33)
	at Test_Cases.Login.login(Login.java:33)
	at Test_Cases.Login.login(Login.java:33)
	at Test_Cases.Login.login(Login.java:33)
	at Test_Cases.Login.login(Login.java:33)
	at Test_Cases.Login.login(Login.java:33)
	at Test_Cases.Login.login(Login.java:33)
]]>
    </failure>
  </testcase> <!-- login -->
</testsuite> <!-- Test_Cases.Login -->
