<?xml version="1.0" encoding="UTF-8"?>
<!-- Generated by org.testng.reporters.JUnitReportReporter -->
<testsuite hostname="NEWNODE46" name="Test_Cases.TC2" tests="1" failures="0" timestamp="1 Jun 2018 10:01:49 GMT" time="34.668" errors="0">
  <testcase name="dap" time="34.668" classname="Test_Cases.TC2"/>
</testsuite> <!-- Test_Cases.TC2 -->
